2024-02-25 16:31:51,928 [Worker-3: Loading available Gradle versions] INFO  o.e.b.c.i.u.g.PublishedGradleVersions - Gradle version information cache is up-to-date. Trying to read.
2024-02-25 16:42:12,599 [Worker-17: Launching mavenrun-4960676d-90bb-4f4c-a815-daf5a1e4d529] INFO  o.eclipse.m2e.core.internal.Bundles - getClasspathEntries(Bundle=org.eclipse.m2e.maven.runtime_3.9.500.20231113-2345 [295])
2024-02-25 16:42:12,603 [Worker-17: Launching mavenrun-4960676d-90bb-4f4c-a815-daf5a1e4d529] INFO  o.eclipse.m2e.core.internal.Bundles - 	Entry: C:\Users\F1\.p2\pool\plugins\org.eclipse.m2e.maven.runtime_3.9.500.20231113-2345
2024-02-25 16:42:12,604 [Worker-17: Launching mavenrun-4960676d-90bb-4f4c-a815-daf5a1e4d529] INFO  o.eclipse.m2e.core.internal.Bundles - 	Entry: C:\Users\F1\.p2\pool\plugins\org.eclipse.m2e.maven.runtime_3.9.500.20231113-2345\jars\aopalliance-1.0.jar
2024-02-25 16:42:12,605 [Worker-17: Launching mavenrun-4960676d-90bb-4f4c-a815-daf5a1e4d529] INFO  o.eclipse.m2e.core.internal.Bundles - 	Entry: C:\Users\F1\.p2\pool\plugins\org.eclipse.m2e.maven.runtime_3.9.500.20231113-2345\jars\guice-5.1.0.jar
2024-02-25 16:42:12,606 [Worker-17: Launching mavenrun-4960676d-90bb-4f4c-a815-daf5a1e4d529] INFO  o.eclipse.m2e.core.internal.Bundles - 	Entry: C:\Users\F1\.p2\pool\plugins\org.eclipse.m2e.maven.runtime_3.9.500.20231113-2345\jars\httpclient-4.5.14.jar
2024-02-25 16:42:12,606 [Worker-17: Launching mavenrun-4960676d-90bb-4f4c-a815-daf5a1e4d529] INFO  o.eclipse.m2e.core.internal.Bundles - 	Entry: C:\Users\F1\.p2\pool\plugins\org.eclipse.m2e.maven.runtime_3.9.500.20231113-2345\jars\httpcore-4.4.16.jar
2024-02-25 16:42:12,606 [Worker-17: Launching mavenrun-4960676d-90bb-4f4c-a815-daf5a1e4d529] INFO  o.eclipse.m2e.core.internal.Bundles - 	Entry: C:\Users\F1\.p2\pool\plugins\org.eclipse.m2e.maven.runtime_3.9.500.20231113-2345\jars\jansi-2.4.0.jar
2024-02-25 16:42:12,606 [Worker-17: Launching mavenrun-4960676d-90bb-4f4c-a815-daf5a1e4d529] INFO  o.eclipse.m2e.core.internal.Bundles - 	Entry: C:\Users\F1\.p2\pool\plugins\org.eclipse.m2e.maven.runtime_3.9.500.20231113-2345\jars\jcl-over-slf4j-1.7.36.jar
2024-02-25 16:42:12,606 [Worker-17: Launching mavenrun-4960676d-90bb-4f4c-a815-daf5a1e4d529] INFO  o.eclipse.m2e.core.internal.Bundles - 	Entry: C:\Users\F1\.p2\pool\plugins\org.eclipse.m2e.maven.runtime_3.9.500.20231113-2345\jars\maven-artifact-3.9.5.jar
2024-02-25 16:42:12,607 [Worker-17: Launching mavenrun-4960676d-90bb-4f4c-a815-daf5a1e4d529] INFO  o.eclipse.m2e.core.internal.Bundles - 	Entry: C:\Users\F1\.p2\pool\plugins\org.eclipse.m2e.maven.runtime_3.9.500.20231113-2345\jars\maven-builder-support-3.9.5.jar
2024-02-25 16:42:12,607 [Worker-17: Launching mavenrun-4960676d-90bb-4f4c-a815-daf5a1e4d529] INFO  o.eclipse.m2e.core.internal.Bundles - 	Entry: C:\Users\F1\.p2\pool\plugins\org.eclipse.m2e.maven.runtime_3.9.500.20231113-2345\jars\maven-compat-3.9.5.jar
2024-02-25 16:42:12,607 [Worker-17: Launching mavenrun-4960676d-90bb-4f4c-a815-daf5a1e4d529] INFO  o.eclipse.m2e.core.internal.Bundles - 	Entry: C:\Users\F1\.p2\pool\plugins\org.eclipse.m2e.maven.runtime_3.9.500.20231113-2345\jars\maven-core-3.9.5.jar
2024-02-25 16:42:12,608 [Worker-17: Launching mavenrun-4960676d-90bb-4f4c-a815-daf5a1e4d529] INFO  o.eclipse.m2e.core.internal.Bundles - 	Entry: C:\Users\F1\.p2\pool\plugins\org.eclipse.m2e.maven.runtime_3.9.500.20231113-2345\jars\maven-embedder-3.9.5.jar
2024-02-25 16:42:12,608 [Worker-17: Launching mavenrun-4960676d-90bb-4f4c-a815-daf5a1e4d529] INFO  o.eclipse.m2e.core.internal.Bundles - 	Entry: C:\Users\F1\.p2\pool\plugins\org.eclipse.m2e.maven.runtime_3.9.500.20231113-2345\jars\maven-model-3.9.5.jar
2024-02-25 16:42:12,608 [Worker-17: Launching mavenrun-4960676d-90bb-4f4c-a815-daf5a1e4d529] INFO  o.eclipse.m2e.core.internal.Bundles - 	Entry: C:\Users\F1\.p2\pool\plugins\org.eclipse.m2e.maven.runtime_3.9.500.20231113-2345\jars\maven-model-builder-3.9.5.jar
2024-02-25 16:42:12,609 [Worker-17: Launching mavenrun-4960676d-90bb-4f4c-a815-daf5a1e4d529] INFO  o.eclipse.m2e.core.internal.Bundles - 	Entry: C:\Users\F1\.p2\pool\plugins\org.eclipse.m2e.maven.runtime_3.9.500.20231113-2345\jars\maven-plugin-api-3.9.5.jar
2024-02-25 16:42:12,609 [Worker-17: Launching mavenrun-4960676d-90bb-4f4c-a815-daf5a1e4d529] INFO  o.eclipse.m2e.core.internal.Bundles - 	Entry: C:\Users\F1\.p2\pool\plugins\org.eclipse.m2e.maven.runtime_3.9.500.20231113-2345\jars\maven-repository-metadata-3.9.5.jar
2024-02-25 16:42:12,610 [Worker-17: Launching mavenrun-4960676d-90bb-4f4c-a815-daf5a1e4d529] INFO  o.eclipse.m2e.core.internal.Bundles - 	Entry: C:\Users\F1\.p2\pool\plugins\org.eclipse.m2e.maven.runtime_3.9.500.20231113-2345\jars\maven-resolver-api-1.9.16.jar
2024-02-25 16:42:12,610 [Worker-17: Launching mavenrun-4960676d-90bb-4f4c-a815-daf5a1e4d529] INFO  o.eclipse.m2e.core.internal.Bundles - 	Entry: C:\Users\F1\.p2\pool\plugins\org.eclipse.m2e.maven.runtime_3.9.500.20231113-2345\jars\maven-resolver-connector-basic-1.9.16.jar
2024-02-25 16:42:12,620 [Worker-17: Launching mavenrun-4960676d-90bb-4f4c-a815-daf5a1e4d529] INFO  o.eclipse.m2e.core.internal.Bundles - 	Entry: C:\Users\F1\.p2\pool\plugins\org.eclipse.m2e.maven.runtime_3.9.500.20231113-2345\jars\maven-resolver-impl-1.9.16.jar
2024-02-25 16:42:12,621 [Worker-17: Launching mavenrun-4960676d-90bb-4f4c-a815-daf5a1e4d529] INFO  o.eclipse.m2e.core.internal.Bundles - 	Entry: C:\Users\F1\.p2\pool\plugins\org.eclipse.m2e.maven.runtime_3.9.500.20231113-2345\jars\maven-resolver-named-locks-1.9.16.jar
2024-02-25 16:42:12,621 [Worker-17: Launching mavenrun-4960676d-90bb-4f4c-a815-daf5a1e4d529] INFO  o.eclipse.m2e.core.internal.Bundles - 	Entry: C:\Users\F1\.p2\pool\plugins\org.eclipse.m2e.maven.runtime_3.9.500.20231113-2345\jars\maven-resolver-provider-3.9.5.jar
2024-02-25 16:42:12,621 [Worker-17: Launching mavenrun-4960676d-90bb-4f4c-a815-daf5a1e4d529] INFO  o.eclipse.m2e.core.internal.Bundles - 	Entry: C:\Users\F1\.p2\pool\plugins\org.eclipse.m2e.maven.runtime_3.9.500.20231113-2345\jars\maven-resolver-spi-1.9.16.jar
2024-02-25 16:42:12,621 [Worker-17: Launching mavenrun-4960676d-90bb-4f4c-a815-daf5a1e4d529] INFO  o.eclipse.m2e.core.internal.Bundles - 	Entry: C:\Users\F1\.p2\pool\plugins\org.eclipse.m2e.maven.runtime_3.9.500.20231113-2345\jars\maven-resolver-transport-file-1.9.16.jar
2024-02-25 16:42:12,622 [Worker-17: Launching mavenrun-4960676d-90bb-4f4c-a815-daf5a1e4d529] INFO  o.eclipse.m2e.core.internal.Bundles - 	Entry: C:\Users\F1\.p2\pool\plugins\org.eclipse.m2e.maven.runtime_3.9.500.20231113-2345\jars\maven-resolver-transport-http-1.9.16.jar
2024-02-25 16:42:12,622 [Worker-17: Launching mavenrun-4960676d-90bb-4f4c-a815-daf5a1e4d529] INFO  o.eclipse.m2e.core.internal.Bundles - 	Entry: C:\Users\F1\.p2\pool\plugins\org.eclipse.m2e.maven.runtime_3.9.500.20231113-2345\jars\maven-resolver-transport-wagon-1.9.16.jar
2024-02-25 16:42:12,622 [Worker-17: Launching mavenrun-4960676d-90bb-4f4c-a815-daf5a1e4d529] INFO  o.eclipse.m2e.core.internal.Bundles - 	Entry: C:\Users\F1\.p2\pool\plugins\org.eclipse.m2e.maven.runtime_3.9.500.20231113-2345\jars\maven-resolver-util-1.9.16.jar
2024-02-25 16:42:12,623 [Worker-17: Launching mavenrun-4960676d-90bb-4f4c-a815-daf5a1e4d529] INFO  o.eclipse.m2e.core.internal.Bundles - 	Entry: C:\Users\F1\.p2\pool\plugins\org.eclipse.m2e.maven.runtime_3.9.500.20231113-2345\jars\maven-settings-3.9.5.jar
2024-02-25 16:42:12,623 [Worker-17: Launching mavenrun-4960676d-90bb-4f4c-a815-daf5a1e4d529] INFO  o.eclipse.m2e.core.internal.Bundles - 	Entry: C:\Users\F1\.p2\pool\plugins\org.eclipse.m2e.maven.runtime_3.9.500.20231113-2345\jars\maven-settings-builder-3.9.5.jar
2024-02-25 16:42:12,623 [Worker-17: Launching mavenrun-4960676d-90bb-4f4c-a815-daf5a1e4d529] INFO  o.eclipse.m2e.core.internal.Bundles - 	Entry: C:\Users\F1\.p2\pool\plugins\org.eclipse.m2e.maven.runtime_3.9.500.20231113-2345\jars\maven-shared-utils-3.3.4.jar
2024-02-25 16:42:12,623 [Worker-17: Launching mavenrun-4960676d-90bb-4f4c-a815-daf5a1e4d529] INFO  o.eclipse.m2e.core.internal.Bundles - 	Entry: C:\Users\F1\.p2\pool\plugins\org.eclipse.m2e.maven.runtime_3.9.500.20231113-2345\jars\org.eclipse.sisu.inject-0.3.5.jar
2024-02-25 16:42:12,624 [Worker-17: Launching mavenrun-4960676d-90bb-4f4c-a815-daf5a1e4d529] INFO  o.eclipse.m2e.core.internal.Bundles - 	Entry: C:\Users\F1\.p2\pool\plugins\org.eclipse.m2e.maven.runtime_3.9.500.20231113-2345\jars\org.eclipse.sisu.plexus-0.3.5.jar
2024-02-25 16:42:12,624 [Worker-17: Launching mavenrun-4960676d-90bb-4f4c-a815-daf5a1e4d529] INFO  o.eclipse.m2e.core.internal.Bundles - 	Entry: C:\Users\F1\.p2\pool\plugins\org.eclipse.m2e.maven.runtime_3.9.500.20231113-2345\jars\plexus-build-api-0.0.7.jar
2024-02-25 16:42:12,625 [Worker-17: Launching mavenrun-4960676d-90bb-4f4c-a815-daf5a1e4d529] INFO  o.eclipse.m2e.core.internal.Bundles - 	Entry: C:\Users\F1\.p2\pool\plugins\org.eclipse.m2e.maven.runtime_3.9.500.20231113-2345\jars\plexus-cipher-2.0.jar
2024-02-25 16:42:12,626 [Worker-17: Launching mavenrun-4960676d-90bb-4f4c-a815-daf5a1e4d529] INFO  o.eclipse.m2e.core.internal.Bundles - 	Entry: C:\Users\F1\.p2\pool\plugins\org.eclipse.m2e.maven.runtime_3.9.500.20231113-2345\jars\plexus-classworlds-2.7.0.jar
2024-02-25 16:42:12,626 [Worker-17: Launching mavenrun-4960676d-90bb-4f4c-a815-daf5a1e4d529] INFO  o.eclipse.m2e.core.internal.Bundles - 	Entry: C:\Users\F1\.p2\pool\plugins\org.eclipse.m2e.maven.runtime_3.9.500.20231113-2345\jars\plexus-component-annotations-2.1.0.jar
2024-02-25 16:42:12,628 [Worker-17: Launching mavenrun-4960676d-90bb-4f4c-a815-daf5a1e4d529] INFO  o.eclipse.m2e.core.internal.Bundles - 	Entry: C:\Users\F1\.p2\pool\plugins\org.eclipse.m2e.maven.runtime_3.9.500.20231113-2345\jars\plexus-interpolation-1.26.jar
2024-02-25 16:42:12,629 [Worker-17: Launching mavenrun-4960676d-90bb-4f4c-a815-daf5a1e4d529] INFO  o.eclipse.m2e.core.internal.Bundles - 	Entry: C:\Users\F1\.p2\pool\plugins\org.eclipse.m2e.maven.runtime_3.9.500.20231113-2345\jars\plexus-sec-dispatcher-2.0.jar
2024-02-25 16:42:12,629 [Worker-17: Launching mavenrun-4960676d-90bb-4f4c-a815-daf5a1e4d529] INFO  o.eclipse.m2e.core.internal.Bundles - 	Entry: C:\Users\F1\.p2\pool\plugins\org.eclipse.m2e.maven.runtime_3.9.500.20231113-2345\jars\plexus-utils-3.5.1.jar
2024-02-25 16:42:12,629 [Worker-17: Launching mavenrun-4960676d-90bb-4f4c-a815-daf5a1e4d529] INFO  o.eclipse.m2e.core.internal.Bundles - 	Entry: C:\Users\F1\.p2\pool\plugins\org.eclipse.m2e.maven.runtime_3.9.500.20231113-2345\jars\wagon-file-3.5.3.jar
2024-02-25 16:42:12,630 [Worker-17: Launching mavenrun-4960676d-90bb-4f4c-a815-daf5a1e4d529] INFO  o.eclipse.m2e.core.internal.Bundles - 	Entry: C:\Users\F1\.p2\pool\plugins\org.eclipse.m2e.maven.runtime_3.9.500.20231113-2345\jars\wagon-http-3.5.3.jar
2024-02-25 16:42:12,630 [Worker-17: Launching mavenrun-4960676d-90bb-4f4c-a815-daf5a1e4d529] INFO  o.eclipse.m2e.core.internal.Bundles - 	Entry: C:\Users\F1\.p2\pool\plugins\org.eclipse.m2e.maven.runtime_3.9.500.20231113-2345\jars\wagon-http-shared-3.5.3.jar
2024-02-25 16:42:12,630 [Worker-17: Launching mavenrun-4960676d-90bb-4f4c-a815-daf5a1e4d529] INFO  o.eclipse.m2e.core.internal.Bundles - 	Entry: C:\Users\F1\.p2\pool\plugins\org.eclipse.m2e.maven.runtime_3.9.500.20231113-2345\jars\wagon-provider-api-3.5.3.jar
2024-02-25 16:42:12,633 [Worker-17: Launching mavenrun-4960676d-90bb-4f4c-a815-daf5a1e4d529] INFO  o.eclipse.m2e.core.internal.Bundles - getClasspathEntries(Bundle=com.google.guava_32.1.3.jre [10])
2024-02-25 16:42:12,634 [Worker-17: Launching mavenrun-4960676d-90bb-4f4c-a815-daf5a1e4d529] INFO  o.eclipse.m2e.core.internal.Bundles - 	Entry: C:\Users\F1\.p2\pool\plugins\com.google.guava_32.1.3.jre.jar
2024-02-25 16:42:12,634 [Worker-17: Launching mavenrun-4960676d-90bb-4f4c-a815-daf5a1e4d529] INFO  o.eclipse.m2e.core.internal.Bundles - getClasspathEntries(Bundle=slf4j.api_2.0.9 [515])
2024-02-25 16:42:12,635 [Worker-17: Launching mavenrun-4960676d-90bb-4f4c-a815-daf5a1e4d529] INFO  o.eclipse.m2e.core.internal.Bundles - 	Entry: C:\Users\F1\.p2\pool\plugins\slf4j.api_2.0.9.jar
2024-02-25 16:42:12,635 [Worker-17: Launching mavenrun-4960676d-90bb-4f4c-a815-daf5a1e4d529] INFO  o.eclipse.m2e.core.internal.Bundles - getClasspathEntries(Bundle=jakarta.inject.jakarta.inject-api_1.0.5 [22])
2024-02-25 16:42:12,636 [Worker-17: Launching mavenrun-4960676d-90bb-4f4c-a815-daf5a1e4d529] INFO  o.eclipse.m2e.core.internal.Bundles - 	Entry: C:\Users\F1\.p2\pool\plugins\jakarta.inject.jakarta.inject-api_1.0.5.jar
2024-02-25 16:42:12,637 [Worker-17: Launching mavenrun-4960676d-90bb-4f4c-a815-daf5a1e4d529] INFO  o.eclipse.m2e.core.internal.Bundles - getClasspathEntries(Bundle=jakarta.annotation-api_1.3.5 [20])
2024-02-25 16:42:12,637 [Worker-17: Launching mavenrun-4960676d-90bb-4f4c-a815-daf5a1e4d529] INFO  o.eclipse.m2e.core.internal.Bundles - 	Entry: C:\Users\F1\.p2\pool\plugins\jakarta.annotation-api_1.3.5.jar
2024-02-25 16:42:12,637 [Worker-17: Launching mavenrun-4960676d-90bb-4f4c-a815-daf5a1e4d529] INFO  o.eclipse.m2e.core.internal.Bundles - getClasspathEntries(Bundle=org.apache.commons.cli_1.6.0 [46])
2024-02-25 16:42:12,638 [Worker-17: Launching mavenrun-4960676d-90bb-4f4c-a815-daf5a1e4d529] INFO  o.eclipse.m2e.core.internal.Bundles - 	Entry: C:\Users\F1\.p2\pool\plugins\org.apache.commons.cli_1.6.0.jar
2024-02-25 16:42:12,638 [Worker-17: Launching mavenrun-4960676d-90bb-4f4c-a815-daf5a1e4d529] INFO  o.eclipse.m2e.core.internal.Bundles - getClasspathEntries(Bundle=org.apache.commons.commons-codec_1.16.0 [48])
2024-02-25 16:42:12,638 [Worker-17: Launching mavenrun-4960676d-90bb-4f4c-a815-daf5a1e4d529] INFO  o.eclipse.m2e.core.internal.Bundles - 	Entry: C:\Users\F1\.p2\pool\plugins\org.apache.commons.commons-codec_1.16.0.jar
2024-02-25 16:42:12,639 [Worker-17: Launching mavenrun-4960676d-90bb-4f4c-a815-daf5a1e4d529] INFO  o.eclipse.m2e.core.internal.Bundles - getClasspathEntries(Bundle=org.apache.commons.lang3_3.13.0 [53])
2024-02-25 16:42:12,639 [Worker-17: Launching mavenrun-4960676d-90bb-4f4c-a815-daf5a1e4d529] INFO  o.eclipse.m2e.core.internal.Bundles - 	Entry: C:\Users\F1\.p2\pool\plugins\org.apache.commons.lang3_3.13.0.jar
2024-02-25 16:42:12,639 [Worker-17: Launching mavenrun-4960676d-90bb-4f4c-a815-daf5a1e4d529] INFO  o.eclipse.m2e.core.internal.Bundles - getClasspathEntries(Bundle=com.google.guava.failureaccess_1.0.2 [11])
2024-02-25 16:42:12,640 [Worker-17: Launching mavenrun-4960676d-90bb-4f4c-a815-daf5a1e4d529] INFO  o.eclipse.m2e.core.internal.Bundles - 	Entry: C:\Users\F1\.p2\pool\plugins\com.google.guava.failureaccess_1.0.2.jar
2024-02-25 16:42:12,650 [Worker-17: Launching mavenrun-4960676d-90bb-4f4c-a815-daf5a1e4d529] INFO  o.e.m.i.launch.MavenLaunchDelegate - Run build in "C:\Users\F1\AppData\Local\Temp\m2e-archetypeGenerator10590834292882832052":
2024-02-25 16:42:12,656 [Worker-17: Launching mavenrun-4960676d-90bb-4f4c-a815-daf5a1e4d529] INFO  o.e.m.i.launch.MavenLaunchDelegate -  mvn  -DarchetypeGroupId=org.apache.maven.archetypes -DarchetypeArtifactId=maven-archetype-quickstart -DarchetypeVersion=1.1 -DgroupId=trialproj -DartifactId=trialproj -Dversion=0.0.1-SNAPSHOT -Dpackage=trialproj.trialproj -DoutputDirectory="D:\James sir selenium tutorial" -Dstyle.color=always -U archetype:generate
2024-02-25 16:45:48,952 [Worker-16: Creating maven-archetype-quickstart] INFO  o.e.m.c.i.p.ProjectConfigurationManager - Collecting project info '/pom.xml' D:\James sir selenium tutorial\trialproj\pom.xml
2024-02-25 16:45:50,401 [Worker-16: Creating maven-archetype-quickstart] INFO  o.e.m.c.i.l.LifecycleMappingFactory - Using org.eclipse.m2e.jdt.JarLifecycleMapping lifecycle mapping for MavenProject: trialproj:trialproj:0.0.1-SNAPSHOT @ D:\James sir selenium tutorial\trialproj\pom.xml.
2024-02-25 16:45:52,125 [Worker-16: Creating maven-archetype-quickstart] INFO  o.e.m.j.i.AbstractJavaProjectConfigurator - Adding source folder /trialproj/src/main/java
2024-02-25 16:45:52,125 [Worker-16: Creating maven-archetype-quickstart] INFO  o.e.m.j.i.AbstractJavaProjectConfigurator - Adding resource folder /trialproj/src/main/resources
2024-02-25 16:45:52,161 [Worker-16: Creating maven-archetype-quickstart] INFO  o.e.m.j.i.AbstractJavaProjectConfigurator - Adding source folder /trialproj/src/test/java
2024-02-25 16:45:52,161 [Worker-16: Creating maven-archetype-quickstart] INFO  o.e.m.j.i.AbstractJavaProjectConfigurator - Adding resource folder /trialproj/src/test/resources
2024-02-25 16:45:52,717 [Worker-16: Creating maven-archetype-quickstart] INFO  o.e.m.c.i.p.ProjectConfigurationManager - Imported and configured 1 project(s) in 3 sec
2024-02-25 16:45:55,694 [Worker-17: Building] INFO  o.a.m.s.f.DefaultMavenResourcesFiltering - skip non existing resourceDirectory D:\James sir selenium tutorial\trialproj\src\main\resources
2024-02-25 16:45:55,701 [Worker-17: Building] INFO  o.a.m.s.f.DefaultMavenResourcesFiltering - skip non existing resourceDirectory D:\James sir selenium tutorial\trialproj\src\test\resources
2024-02-25 16:47:15,525 [Worker-18: Building] INFO  o.e.m.c.i.l.LifecycleMappingFactory - Using org.eclipse.m2e.jdt.JarLifecycleMapping lifecycle mapping for MavenProject: trialproj:trialproj:0.0.1-SNAPSHOT @ D:\James sir selenium tutorial\trialproj\pom.xml.
2024-02-25 16:47:15,923 [Worker-18: Building] INFO  o.a.m.s.f.DefaultMavenResourcesFiltering - skip non existing resourceDirectory D:\James sir selenium tutorial\trialproj\src\main\resources
2024-02-25 16:47:15,930 [Worker-18: Building] INFO  o.a.m.s.f.DefaultMavenResourcesFiltering - skip non existing resourceDirectory D:\James sir selenium tutorial\trialproj\src\test\resources
2024-02-25 16:49:09,768 [Worker-14: Building] INFO  o.e.m.c.i.l.LifecycleMappingFactory - Using org.eclipse.m2e.jdt.JarLifecycleMapping lifecycle mapping for MavenProject: trialproj:trialproj:0.0.1-SNAPSHOT @ D:\James sir selenium tutorial\trialproj\pom.xml.
2024-02-25 16:49:12,821 [Worker-14: Building] INFO  o.a.m.s.f.DefaultMavenResourcesFiltering - skip non existing resourceDirectory D:\James sir selenium tutorial\trialproj\src\main\resources
2024-02-25 16:49:12,828 [Worker-14: Building] INFO  o.a.m.s.f.DefaultMavenResourcesFiltering - skip non existing resourceDirectory D:\James sir selenium tutorial\trialproj\src\test\resources
2024-02-25 16:49:56,065 [Worker-13: Building] INFO  o.a.m.s.f.DefaultMavenResourcesFiltering - skip non existing resourceDirectory D:\James sir selenium tutorial\trialproj\src\main\resources
2024-02-25 16:49:56,069 [Worker-13: Building] INFO  o.a.m.s.f.DefaultMavenResourcesFiltering - skip non existing resourceDirectory D:\James sir selenium tutorial\trialproj\src\test\resources
2024-02-25 16:50:17,639 [Worker-4: Building] INFO  o.a.m.s.f.DefaultMavenResourcesFiltering - skip non existing resourceDirectory D:\James sir selenium tutorial\trialproj\src\main\resources
2024-02-25 16:50:17,643 [Worker-4: Building] INFO  o.a.m.s.f.DefaultMavenResourcesFiltering - skip non existing resourceDirectory D:\James sir selenium tutorial\trialproj\src\test\resources
2024-02-25 16:52:52,378 [Worker-18: Building] INFO  o.a.m.s.f.DefaultMavenResourcesFiltering - skip non existing resourceDirectory D:\James sir selenium tutorial\trialproj\src\main\resources
2024-02-25 16:52:52,382 [Worker-18: Building] INFO  o.a.m.s.f.DefaultMavenResourcesFiltering - skip non existing resourceDirectory D:\James sir selenium tutorial\trialproj\src\test\resources
2024-02-25 16:59:36,719 [Start Help Server] INFO  org.eclipse.jetty.server.Server - jetty-12.0.3; built: 2023-10-27T03:25:22.284Z; git: a873259fd5af141dedaa6c7fa8fe8fbdedce0d61; jvm 20.0.2+9-78
2024-02-25 16:59:36,867 [Start Help Server] INFO  o.e.j.server.handler.ContextHandler - Started oeje8n.ContextHandler$CoreContextHandler@228b1cac{/help,/help,b=null,a=AVAILABLE,h=oeje8n.ContextHandler$CoreContextHandler$CoreToNestedHandler@2e949134{STARTED}}
2024-02-25 16:59:36,869 [Start Help Server] INFO  o.e.j.s.DefaultSessionIdManager - Session workerName=node0
2024-02-25 16:59:36,945 [Start Help Server] INFO  o.e.jetty.server.AbstractConnector - Started ServerConnector@181e9630{HTTP/1.1, (http/1.1)}{127.0.0.1:50865}
2024-02-25 16:59:36,974 [Start Help Server] INFO  org.eclipse.jetty.server.Server - Started oejs.Server@642e1a65{STARTING}[12.0.3,sto=0] @1708423ms
2024-02-25 17:03:27,743 [Worker-13: Building] INFO  o.a.m.s.f.DefaultMavenResourcesFiltering - skip non existing resourceDirectory D:\James sir selenium tutorial\trialproj\src\main\resources
2024-02-25 17:03:27,748 [Worker-13: Building] INFO  o.a.m.s.f.DefaultMavenResourcesFiltering - skip non existing resourceDirectory D:\James sir selenium tutorial\trialproj\src\test\resources
2024-02-25 17:04:21,444 [Worker-20: https://cdn.spring.io/spring-tools/release/TOOLS/sts4/update/4.21.1.RELEASE/e4.30/artifacts.xml.xz] INFO  o.a.h.c.h.i.c.HttpRequestRetryExec - Recoverable I/O exception (org.apache.hc.core5.http.NoHttpResponseException) caught when processing request to {s}->https://cdn.spring.io:443
2024-02-25 17:04:23,275 [Worker-28: https://cdn.spring.io/spring-tools/release/TOOLS/sts4/update/4.21.1.RELEASE/e4.30/content.xml.xz] INFO  o.a.h.c.h.i.c.HttpRequestRetryExec - Recoverable I/O exception (org.apache.hc.core5.http.NoHttpResponseException) caught when processing request to {s}->https://cdn.spring.io:443
2024-02-25 17:12:48,330 [Stop Help Server] INFO  org.eclipse.jetty.server.Server - Stopped oejs.Server@642e1a65{STOPPING}[12.0.3,sto=0]
2024-02-25 17:12:48,341 [Stop Help Server] INFO  o.e.jetty.server.AbstractConnector - Stopped ServerConnector@181e9630{HTTP/1.1, (http/1.1)}{127.0.0.1:0}
2024-02-25 17:13:39,813 [Worker-0: Loading available Gradle versions] INFO  o.e.b.c.i.u.g.PublishedGradleVersions - Gradle version information cache is up-to-date. Trying to read.
2024-02-25 17:29:50,240 [Start Help Server] INFO  org.eclipse.jetty.server.Server - jetty-12.0.3; built: 2023-10-27T03:25:22.284Z; git: a873259fd5af141dedaa6c7fa8fe8fbdedce0d61; jvm 20.0.2+9-78
2024-02-25 17:29:50,431 [Start Help Server] INFO  o.e.j.server.handler.ContextHandler - Started oeje8n.ContextHandler$CoreContextHandler@3144b136{/help,/help,b=null,a=AVAILABLE,h=oeje8n.ContextHandler$CoreContextHandler$CoreToNestedHandler@2d6929a8{STARTED}}
2024-02-25 17:29:50,432 [Start Help Server] INFO  o.e.j.s.DefaultSessionIdManager - Session workerName=node0
2024-02-25 17:29:50,519 [Start Help Server] INFO  o.e.jetty.server.AbstractConnector - Started ServerConnector@61a08fa4{HTTP/1.1, (http/1.1)}{127.0.0.1:53296}
2024-02-25 17:29:50,540 [Start Help Server] INFO  org.eclipse.jetty.server.Server - Started oejs.Server@7c6b9f2d{STARTING}[12.0.3,sto=0] @1007981ms
2024-02-25 17:35:37,829 [Stop Help Server] INFO  org.eclipse.jetty.server.Server - Stopped oejs.Server@7c6b9f2d{STOPPING}[12.0.3,sto=0]
2024-02-25 17:35:37,833 [Stop Help Server] INFO  o.e.jetty.server.AbstractConnector - Stopped ServerConnector@61a08fa4{HTTP/1.1, (http/1.1)}{127.0.0.1:0}
2024-02-25 17:36:37,140 [Worker-2: Loading available Gradle versions] INFO  o.e.b.c.i.u.g.PublishedGradleVersions - Gradle version information cache is up-to-date. Trying to read.
2024-02-25 17:45:24,507 [Start Help Server] INFO  org.eclipse.jetty.server.Server - jetty-12.0.3; built: 2023-10-27T03:25:22.284Z; git: a873259fd5af141dedaa6c7fa8fe8fbdedce0d61; jvm 20.0.2+9-78
2024-02-25 17:45:24,595 [Start Help Server] INFO  o.e.j.server.handler.ContextHandler - Started oeje8n.ContextHandler$CoreContextHandler@3145ccd2{/help,/help,b=null,a=AVAILABLE,h=oeje8n.ContextHandler$CoreContextHandler$CoreToNestedHandler@662d4511{STARTED}}
2024-02-25 17:45:24,595 [Start Help Server] INFO  o.e.j.s.DefaultSessionIdManager - Session workerName=node0
2024-02-25 17:45:24,625 [Start Help Server] INFO  o.e.jetty.server.AbstractConnector - Started ServerConnector@6edfc5a2{HTTP/1.1, (http/1.1)}{127.0.0.1:54103}
2024-02-25 17:45:24,632 [Start Help Server] INFO  org.eclipse.jetty.server.Server - Started oejs.Server@150ccf38{STARTING}[12.0.3,sto=0] @587127ms
2024-02-25 17:45:40,291 [Worker-10: Launching LoginTest] INFO  o.a.m.s.f.DefaultMavenResourcesFiltering - skip non existing resourceDirectory D:\James sir selenium tutorial\trialproj\src\main\resources
2024-02-25 17:45:40,298 [Worker-10: Launching LoginTest] INFO  o.a.m.s.f.DefaultMavenResourcesFiltering - skip non existing resourceDirectory D:\James sir selenium tutorial\trialproj\src\test\resources
2024-02-25 17:46:14,060 [Worker-11: Launching LoginTest] INFO  o.a.m.s.f.DefaultMavenResourcesFiltering - skip non existing resourceDirectory D:\James sir selenium tutorial\trialproj\src\main\resources
2024-02-25 17:46:14,064 [Worker-11: Launching LoginTest] INFO  o.a.m.s.f.DefaultMavenResourcesFiltering - skip non existing resourceDirectory D:\James sir selenium tutorial\trialproj\src\test\resources
2024-02-25 17:48:59,905 [Worker-10: Building] INFO  o.a.m.s.f.DefaultMavenResourcesFiltering - skip non existing resourceDirectory D:\James sir selenium tutorial\trialproj\src\main\resources
2024-02-25 17:48:59,910 [Worker-10: Building] INFO  o.a.m.s.f.DefaultMavenResourcesFiltering - skip non existing resourceDirectory D:\James sir selenium tutorial\trialproj\src\test\resources
2024-02-25 17:55:46,504 [Worker-11: Building] INFO  o.a.m.s.f.DefaultMavenResourcesFiltering - skip non existing resourceDirectory D:\James sir selenium tutorial\trialproj\src\main\resources
2024-02-25 17:55:46,507 [Worker-11: Building] INFO  o.a.m.s.f.DefaultMavenResourcesFiltering - skip non existing resourceDirectory D:\James sir selenium tutorial\trialproj\src\test\resources
2024-02-25 17:56:55,646 [Worker-11: Building] INFO  o.a.m.s.f.DefaultMavenResourcesFiltering - skip non existing resourceDirectory D:\James sir selenium tutorial\trialproj\src\main\resources
2024-02-25 17:56:55,649 [Worker-11: Building] INFO  o.a.m.s.f.DefaultMavenResourcesFiltering - skip non existing resourceDirectory D:\James sir selenium tutorial\trialproj\src\test\resources
2024-02-25 18:00:22,250 [Worker-9: Building] INFO  o.a.m.s.f.DefaultMavenResourcesFiltering - skip non existing resourceDirectory D:\James sir selenium tutorial\trialproj\src\main\resources
2024-02-25 18:00:22,253 [Worker-9: Building] INFO  o.a.m.s.f.DefaultMavenResourcesFiltering - skip non existing resourceDirectory D:\James sir selenium tutorial\trialproj\src\test\resources
2024-02-25 18:04:29,195 [Worker-12: Building] INFO  o.a.m.s.f.DefaultMavenResourcesFiltering - skip non existing resourceDirectory D:\James sir selenium tutorial\trialproj\src\main\resources
2024-02-25 18:04:29,200 [Worker-12: Building] INFO  o.a.m.s.f.DefaultMavenResourcesFiltering - skip non existing resourceDirectory D:\James sir selenium tutorial\trialproj\src\test\resources
2024-02-25 18:04:33,792 [Worker-9: Building] INFO  o.a.m.s.f.DefaultMavenResourcesFiltering - skip non existing resourceDirectory D:\James sir selenium tutorial\trialproj\src\main\resources
2024-02-25 18:04:33,796 [Worker-9: Building] INFO  o.a.m.s.f.DefaultMavenResourcesFiltering - skip non existing resourceDirectory D:\James sir selenium tutorial\trialproj\src\test\resources
2024-02-25 18:06:37,124 [Worker-13: Launching LoginTest] INFO  o.a.m.s.f.DefaultMavenResourcesFiltering - skip non existing resourceDirectory D:\James sir selenium tutorial\trialproj\src\main\resources
2024-02-25 18:06:37,129 [Worker-13: Launching LoginTest] INFO  o.a.m.s.f.DefaultMavenResourcesFiltering - skip non existing resourceDirectory D:\James sir selenium tutorial\trialproj\src\test\resources
2024-02-25 18:08:30,819 [Worker-10: Building] INFO  o.a.m.s.f.DefaultMavenResourcesFiltering - skip non existing resourceDirectory D:\James sir selenium tutorial\trialproj\src\main\resources
2024-02-25 18:08:30,822 [Worker-10: Building] INFO  o.a.m.s.f.DefaultMavenResourcesFiltering - skip non existing resourceDirectory D:\James sir selenium tutorial\trialproj\src\test\resources
2024-02-25 18:10:58,564 [Worker-9: Launching LoginTest] INFO  o.a.m.s.f.DefaultMavenResourcesFiltering - skip non existing resourceDirectory D:\James sir selenium tutorial\trialproj\src\main\resources
2024-02-25 18:10:58,570 [Worker-9: Launching LoginTest] INFO  o.a.m.s.f.DefaultMavenResourcesFiltering - skip non existing resourceDirectory D:\James sir selenium tutorial\trialproj\src\test\resources
2024-02-25 18:13:30,123 [Worker-15: Launching LoginTest] INFO  o.a.m.s.f.DefaultMavenResourcesFiltering - skip non existing resourceDirectory D:\James sir selenium tutorial\trialproj\src\main\resources
2024-02-25 18:13:30,132 [Worker-15: Launching LoginTest] INFO  o.a.m.s.f.DefaultMavenResourcesFiltering - skip non existing resourceDirectory D:\James sir selenium tutorial\trialproj\src\test\resources
2024-02-25 18:16:15,562 [Worker-13: Building] INFO  o.a.m.s.f.DefaultMavenResourcesFiltering - skip non existing resourceDirectory D:\James sir selenium tutorial\trialproj\src\main\resources
2024-02-25 18:16:15,566 [Worker-13: Building] INFO  o.a.m.s.f.DefaultMavenResourcesFiltering - skip non existing resourceDirectory D:\James sir selenium tutorial\trialproj\src\test\resources
2024-02-25 18:17:21,532 [Worker-15: Building] INFO  o.a.m.s.f.DefaultMavenResourcesFiltering - skip non existing resourceDirectory D:\James sir selenium tutorial\trialproj\src\main\resources
2024-02-25 18:17:21,535 [Worker-15: Building] INFO  o.a.m.s.f.DefaultMavenResourcesFiltering - skip non existing resourceDirectory D:\James sir selenium tutorial\trialproj\src\test\resources
2024-02-25 18:18:28,525 [Worker-11: Building] INFO  o.a.m.s.f.DefaultMavenResourcesFiltering - skip non existing resourceDirectory D:\James sir selenium tutorial\trialproj\src\main\resources
2024-02-25 18:18:28,529 [Worker-11: Building] INFO  o.a.m.s.f.DefaultMavenResourcesFiltering - skip non existing resourceDirectory D:\James sir selenium tutorial\trialproj\src\test\resources
2024-02-25 18:25:28,727 [Worker-12: Building] INFO  o.a.m.s.f.DefaultMavenResourcesFiltering - skip non existing resourceDirectory D:\James sir selenium tutorial\trialproj\src\main\resources
2024-02-25 18:25:28,730 [Worker-12: Building] INFO  o.a.m.s.f.DefaultMavenResourcesFiltering - skip non existing resourceDirectory D:\James sir selenium tutorial\trialproj\src\test\resources
2024-02-25 18:31:53,497 [Worker-9: Building] INFO  o.a.m.s.f.DefaultMavenResourcesFiltering - skip non existing resourceDirectory D:\James sir selenium tutorial\trialproj\src\main\resources
2024-02-25 18:31:53,501 [Worker-9: Building] INFO  o.a.m.s.f.DefaultMavenResourcesFiltering - skip non existing resourceDirectory D:\James sir selenium tutorial\trialproj\src\test\resources
2024-02-25 18:33:02,046 [Worker-13: Building] INFO  o.a.m.s.f.DefaultMavenResourcesFiltering - skip non existing resourceDirectory D:\James sir selenium tutorial\trialproj\src\main\resources
2024-02-25 18:33:02,058 [Worker-13: Building] INFO  o.a.m.s.f.DefaultMavenResourcesFiltering - skip non existing resourceDirectory D:\James sir selenium tutorial\trialproj\src\test\resources
2024-02-25 18:33:04,620 [Worker-13: Building] INFO  o.a.m.s.f.DefaultMavenResourcesFiltering - skip non existing resourceDirectory D:\James sir selenium tutorial\trialproj\src\main\resources
2024-02-25 18:33:04,623 [Worker-13: Building] INFO  o.a.m.s.f.DefaultMavenResourcesFiltering - skip non existing resourceDirectory D:\James sir selenium tutorial\trialproj\src\test\resources
2024-02-25 18:34:15,093 [Worker-12: Building] INFO  o.a.m.s.f.DefaultMavenResourcesFiltering - skip non existing resourceDirectory D:\James sir selenium tutorial\trialproj\src\main\resources
2024-02-25 18:34:15,096 [Worker-12: Building] INFO  o.a.m.s.f.DefaultMavenResourcesFiltering - skip non existing resourceDirectory D:\James sir selenium tutorial\trialproj\src\test\resources
2024-02-25 18:37:15,724 [Worker-15: Building] INFO  o.a.m.s.f.DefaultMavenResourcesFiltering - skip non existing resourceDirectory D:\James sir selenium tutorial\trialproj\src\main\resources
2024-02-25 18:37:15,728 [Worker-15: Building] INFO  o.a.m.s.f.DefaultMavenResourcesFiltering - skip non existing resourceDirectory D:\James sir selenium tutorial\trialproj\src\test\resources
2024-02-25 18:38:27,982 [Worker-10: Building] INFO  o.a.m.s.f.DefaultMavenResourcesFiltering - skip non existing resourceDirectory D:\James sir selenium tutorial\trialproj\src\main\resources
2024-02-25 18:38:27,986 [Worker-10: Building] INFO  o.a.m.s.f.DefaultMavenResourcesFiltering - skip non existing resourceDirectory D:\James sir selenium tutorial\trialproj\src\test\resources
2024-02-25 18:38:35,242 [Worker-16: Launching LoginTest.verifyLoginWithInvalidCredentials] INFO  o.a.m.s.f.DefaultMavenResourcesFiltering - skip non existing resourceDirectory D:\James sir selenium tutorial\trialproj\src\main\resources
2024-02-25 18:38:35,246 [Worker-16: Launching LoginTest.verifyLoginWithInvalidCredentials] INFO  o.a.m.s.f.DefaultMavenResourcesFiltering - skip non existing resourceDirectory D:\James sir selenium tutorial\trialproj\src\test\resources
2024-02-25 18:39:49,870 [Worker-13: Launching LoginTest.verifyLoginWithInvalidCredentials] INFO  o.a.m.s.f.DefaultMavenResourcesFiltering - skip non existing resourceDirectory D:\James sir selenium tutorial\trialproj\src\main\resources
2024-02-25 18:39:49,893 [Worker-13: Launching LoginTest.verifyLoginWithInvalidCredentials] INFO  o.a.m.s.f.DefaultMavenResourcesFiltering - skip non existing resourceDirectory D:\James sir selenium tutorial\trialproj\src\test\resources
2024-02-25 18:40:21,664 [Worker-11: Building] INFO  o.a.m.s.f.DefaultMavenResourcesFiltering - skip non existing resourceDirectory D:\James sir selenium tutorial\trialproj\src\main\resources
2024-02-25 18:40:21,668 [Worker-11: Building] INFO  o.a.m.s.f.DefaultMavenResourcesFiltering - skip non existing resourceDirectory D:\James sir selenium tutorial\trialproj\src\test\resources
2024-02-25 18:41:49,818 [Worker-16: Building] INFO  o.a.m.s.f.DefaultMavenResourcesFiltering - skip non existing resourceDirectory D:\James sir selenium tutorial\trialproj\src\main\resources
2024-02-25 18:41:49,821 [Worker-16: Building] INFO  o.a.m.s.f.DefaultMavenResourcesFiltering - skip non existing resourceDirectory D:\James sir selenium tutorial\trialproj\src\test\resources
2024-02-25 18:41:56,835 [Worker-16: Building] INFO  o.a.m.s.f.DefaultMavenResourcesFiltering - skip non existing resourceDirectory D:\James sir selenium tutorial\trialproj\src\main\resources
2024-02-25 18:41:56,838 [Worker-16: Building] INFO  o.a.m.s.f.DefaultMavenResourcesFiltering - skip non existing resourceDirectory D:\James sir selenium tutorial\trialproj\src\test\resources
2024-02-25 18:43:20,045 [Worker-12: Launching LoginTest.verifyLoginWithInvalidCredentials] INFO  o.a.m.s.f.DefaultMavenResourcesFiltering - skip non existing resourceDirectory D:\James sir selenium tutorial\trialproj\src\main\resources
2024-02-25 18:43:20,048 [Worker-12: Launching LoginTest.verifyLoginWithInvalidCredentials] INFO  o.a.m.s.f.DefaultMavenResourcesFiltering - skip non existing resourceDirectory D:\James sir selenium tutorial\trialproj\src\test\resources
2024-02-25 18:44:46,231 [Worker-10: Building] INFO  o.a.m.s.f.DefaultMavenResourcesFiltering - skip non existing resourceDirectory D:\James sir selenium tutorial\trialproj\src\main\resources
2024-02-25 18:44:46,234 [Worker-10: Building] INFO  o.a.m.s.f.DefaultMavenResourcesFiltering - skip non existing resourceDirectory D:\James sir selenium tutorial\trialproj\src\test\resources
2024-02-25 18:46:08,715 [Worker-15: Building] INFO  o.a.m.s.f.DefaultMavenResourcesFiltering - skip non existing resourceDirectory D:\James sir selenium tutorial\trialproj\src\main\resources
2024-02-25 18:46:08,721 [Worker-15: Building] INFO  o.a.m.s.f.DefaultMavenResourcesFiltering - skip non existing resourceDirectory D:\James sir selenium tutorial\trialproj\src\test\resources
2024-02-25 18:47:34,126 [Worker-15: Building] INFO  o.a.m.s.f.DefaultMavenResourcesFiltering - skip non existing resourceDirectory D:\James sir selenium tutorial\trialproj\src\main\resources
2024-02-25 18:47:34,129 [Worker-15: Building] INFO  o.a.m.s.f.DefaultMavenResourcesFiltering - skip non existing resourceDirectory D:\James sir selenium tutorial\trialproj\src\test\resources
2024-02-25 18:48:42,791 [Worker-10: Building] INFO  o.a.m.s.f.DefaultMavenResourcesFiltering - skip non existing resourceDirectory D:\James sir selenium tutorial\trialproj\src\main\resources
2024-02-25 18:48:42,794 [Worker-10: Building] INFO  o.a.m.s.f.DefaultMavenResourcesFiltering - skip non existing resourceDirectory D:\James sir selenium tutorial\trialproj\src\test\resources
2024-02-25 18:50:09,694 [Worker-15: Building] INFO  o.a.m.s.f.DefaultMavenResourcesFiltering - skip non existing resourceDirectory D:\James sir selenium tutorial\trialproj\src\main\resources
2024-02-25 18:50:09,697 [Worker-15: Building] INFO  o.a.m.s.f.DefaultMavenResourcesFiltering - skip non existing resourceDirectory D:\James sir selenium tutorial\trialproj\src\test\resources
2024-02-25 18:51:12,050 [Worker-15: Launching LoginTest.verifyLoginWithValidCredentials] INFO  o.a.m.s.f.DefaultMavenResourcesFiltering - skip non existing resourceDirectory D:\James sir selenium tutorial\trialproj\src\main\resources
2024-02-25 18:51:12,054 [Worker-15: Launching LoginTest.verifyLoginWithValidCredentials] INFO  o.a.m.s.f.DefaultMavenResourcesFiltering - skip non existing resourceDirectory D:\James sir selenium tutorial\trialproj\src\test\resources
2024-02-25 18:52:07,810 [Worker-19: Building] INFO  o.a.m.s.f.DefaultMavenResourcesFiltering - skip non existing resourceDirectory D:\James sir selenium tutorial\trialproj\src\main\resources
2024-02-25 18:52:07,813 [Worker-19: Building] INFO  o.a.m.s.f.DefaultMavenResourcesFiltering - skip non existing resourceDirectory D:\James sir selenium tutorial\trialproj\src\test\resources
2024-02-25 18:53:00,495 [Worker-13: Building] INFO  o.a.m.s.f.DefaultMavenResourcesFiltering - skip non existing resourceDirectory D:\James sir selenium tutorial\trialproj\src\main\resources
2024-02-25 18:53:00,499 [Worker-13: Building] INFO  o.a.m.s.f.DefaultMavenResourcesFiltering - skip non existing resourceDirectory D:\James sir selenium tutorial\trialproj\src\test\resources
2024-02-25 18:57:35,855 [Worker-16: Building] INFO  o.a.m.s.f.DefaultMavenResourcesFiltering - skip non existing resourceDirectory D:\James sir selenium tutorial\trialproj\src\main\resources
2024-02-25 18:57:35,858 [Worker-16: Building] INFO  o.a.m.s.f.DefaultMavenResourcesFiltering - skip non existing resourceDirectory D:\James sir selenium tutorial\trialproj\src\test\resources
2024-02-25 19:17:19,601 [Worker-16: Building] INFO  o.a.m.s.f.DefaultMavenResourcesFiltering - skip non existing resourceDirectory D:\James sir selenium tutorial\trialproj\src\main\resources
2024-02-25 19:17:19,604 [Worker-16: Building] INFO  o.a.m.s.f.DefaultMavenResourcesFiltering - skip non existing resourceDirectory D:\James sir selenium tutorial\trialproj\src\test\resources
2024-02-25 19:17:34,388 [Worker-15: Building] INFO  o.a.m.s.f.DefaultMavenResourcesFiltering - skip non existing resourceDirectory D:\James sir selenium tutorial\trialproj\src\main\resources
2024-02-25 19:17:34,392 [Worker-15: Building] INFO  o.a.m.s.f.DefaultMavenResourcesFiltering - skip non existing resourceDirectory D:\James sir selenium tutorial\trialproj\src\test\resources
2024-02-25 19:17:36,578 [Worker-13: Building] INFO  o.a.m.s.f.DefaultMavenResourcesFiltering - skip non existing resourceDirectory D:\James sir selenium tutorial\trialproj\src\main\resources
2024-02-25 19:17:36,581 [Worker-13: Building] INFO  o.a.m.s.f.DefaultMavenResourcesFiltering - skip non existing resourceDirectory D:\James sir selenium tutorial\trialproj\src\test\resources
2024-02-25 19:19:42,692 [Worker-16: Building] INFO  o.a.m.s.f.DefaultMavenResourcesFiltering - skip non existing resourceDirectory D:\James sir selenium tutorial\trialproj\src\main\resources
2024-02-25 19:19:42,695 [Worker-16: Building] INFO  o.a.m.s.f.DefaultMavenResourcesFiltering - skip non existing resourceDirectory D:\James sir selenium tutorial\trialproj\src\test\resources
2024-02-25 19:23:55,267 [Worker-21: Launching LoginTest] INFO  o.a.m.s.f.DefaultMavenResourcesFiltering - skip non existing resourceDirectory D:\James sir selenium tutorial\trialproj\src\main\resources
2024-02-25 19:23:55,271 [Worker-21: Launching LoginTest] INFO  o.a.m.s.f.DefaultMavenResourcesFiltering - skip non existing resourceDirectory D:\James sir selenium tutorial\trialproj\src\test\resources
2024-02-25 19:25:27,025 [Worker-21: Building] INFO  o.a.m.s.f.DefaultMavenResourcesFiltering - skip non existing resourceDirectory D:\James sir selenium tutorial\trialproj\src\main\resources
2024-02-25 19:25:27,028 [Worker-21: Building] INFO  o.a.m.s.f.DefaultMavenResourcesFiltering - skip non existing resourceDirectory D:\James sir selenium tutorial\trialproj\src\test\resources
2024-02-25 19:25:53,924 [Worker-25: Building] INFO  o.a.m.s.f.DefaultMavenResourcesFiltering - skip non existing resourceDirectory D:\James sir selenium tutorial\trialproj\src\main\resources
2024-02-25 19:25:53,927 [Worker-25: Building] INFO  o.a.m.s.f.DefaultMavenResourcesFiltering - skip non existing resourceDirectory D:\James sir selenium tutorial\trialproj\src\test\resources
2024-02-25 19:27:40,267 [Worker-16: Launching LoginTest] INFO  o.a.m.s.f.DefaultMavenResourcesFiltering - skip non existing resourceDirectory D:\James sir selenium tutorial\trialproj\src\main\resources
2024-02-25 19:27:40,301 [Worker-16: Launching LoginTest] INFO  o.a.m.s.f.DefaultMavenResourcesFiltering - skip non existing resourceDirectory D:\James sir selenium tutorial\trialproj\src\test\resources
2024-02-25 19:29:29,110 [Worker-16: Building] INFO  o.a.m.s.f.DefaultMavenResourcesFiltering - skip non existing resourceDirectory D:\James sir selenium tutorial\trialproj\src\main\resources
2024-02-25 19:29:29,113 [Worker-16: Building] INFO  o.a.m.s.f.DefaultMavenResourcesFiltering - skip non existing resourceDirectory D:\James sir selenium tutorial\trialproj\src\test\resources
2024-02-25 19:33:27,822 [Worker-22: Building] INFO  o.a.m.s.f.DefaultMavenResourcesFiltering - skip non existing resourceDirectory D:\James sir selenium tutorial\trialproj\src\main\resources
2024-02-25 19:33:27,827 [Worker-22: Building] INFO  o.a.m.s.f.DefaultMavenResourcesFiltering - skip non existing resourceDirectory D:\James sir selenium tutorial\trialproj\src\test\resources
2024-02-25 19:33:37,172 [Worker-21: Building] INFO  o.a.m.s.f.DefaultMavenResourcesFiltering - skip non existing resourceDirectory D:\James sir selenium tutorial\trialproj\src\main\resources
2024-02-25 19:33:37,174 [Worker-21: Building] INFO  o.a.m.s.f.DefaultMavenResourcesFiltering - skip non existing resourceDirectory D:\James sir selenium tutorial\trialproj\src\test\resources
2024-02-25 19:34:37,983 [Worker-25: Building] INFO  o.a.m.s.f.DefaultMavenResourcesFiltering - skip non existing resourceDirectory D:\James sir selenium tutorial\trialproj\src\main\resources
2024-02-25 19:34:37,986 [Worker-25: Building] INFO  o.a.m.s.f.DefaultMavenResourcesFiltering - skip non existing resourceDirectory D:\James sir selenium tutorial\trialproj\src\test\resources
2024-02-25 19:34:51,227 [Worker-16: Building] INFO  o.a.m.s.f.DefaultMavenResourcesFiltering - skip non existing resourceDirectory D:\James sir selenium tutorial\trialproj\src\main\resources
2024-02-25 19:34:51,229 [Worker-16: Building] INFO  o.a.m.s.f.DefaultMavenResourcesFiltering - skip non existing resourceDirectory D:\James sir selenium tutorial\trialproj\src\test\resources
2024-02-25 19:40:27,103 [Worker-24: Building] INFO  o.a.m.s.f.DefaultMavenResourcesFiltering - skip non existing resourceDirectory D:\James sir selenium tutorial\trialproj\src\main\resources
2024-02-25 19:40:27,105 [Worker-24: Building] INFO  o.a.m.s.f.DefaultMavenResourcesFiltering - skip non existing resourceDirectory D:\James sir selenium tutorial\trialproj\src\test\resources
2024-02-25 19:44:14,678 [Worker-27: Building] INFO  o.a.m.s.f.DefaultMavenResourcesFiltering - skip non existing resourceDirectory D:\James sir selenium tutorial\trialproj\src\main\resources
2024-02-25 19:44:14,681 [Worker-27: Building] INFO  o.a.m.s.f.DefaultMavenResourcesFiltering - skip non existing resourceDirectory D:\James sir selenium tutorial\trialproj\src\test\resources
2024-02-25 19:44:55,110 [Worker-25: Building] INFO  o.a.m.s.f.DefaultMavenResourcesFiltering - skip non existing resourceDirectory D:\James sir selenium tutorial\trialproj\src\main\resources
2024-02-25 19:44:55,113 [Worker-25: Building] INFO  o.a.m.s.f.DefaultMavenResourcesFiltering - skip non existing resourceDirectory D:\James sir selenium tutorial\trialproj\src\test\resources
2024-02-25 19:45:25,344 [Worker-25: Building] INFO  o.a.m.s.f.DefaultMavenResourcesFiltering - skip non existing resourceDirectory D:\James sir selenium tutorial\trialproj\src\main\resources
2024-02-25 19:45:25,346 [Worker-25: Building] INFO  o.a.m.s.f.DefaultMavenResourcesFiltering - skip non existing resourceDirectory D:\James sir selenium tutorial\trialproj\src\test\resources
2024-02-25 19:45:59,271 [Worker-27: Building] INFO  o.a.m.s.f.DefaultMavenResourcesFiltering - skip non existing resourceDirectory D:\James sir selenium tutorial\trialproj\src\main\resources
2024-02-25 19:45:59,274 [Worker-27: Building] INFO  o.a.m.s.f.DefaultMavenResourcesFiltering - skip non existing resourceDirectory D:\James sir selenium tutorial\trialproj\src\test\resources
2024-02-25 20:03:49,605 [Worker-16: Building] INFO  o.a.m.s.f.DefaultMavenResourcesFiltering - skip non existing resourceDirectory D:\James sir selenium tutorial\trialproj\src\main\resources
2024-02-25 20:03:49,608 [Worker-16: Building] INFO  o.a.m.s.f.DefaultMavenResourcesFiltering - skip non existing resourceDirectory D:\James sir selenium tutorial\trialproj\src\test\resources
2024-02-25 20:07:07,704 [Worker-29: Building] INFO  o.a.m.s.f.DefaultMavenResourcesFiltering - skip non existing resourceDirectory D:\James sir selenium tutorial\trialproj\src\main\resources
2024-02-25 20:07:07,706 [Worker-29: Building] INFO  o.a.m.s.f.DefaultMavenResourcesFiltering - skip non existing resourceDirectory D:\James sir selenium tutorial\trialproj\src\test\resources
2024-02-25 20:22:26,292 [Worker-30: Building] INFO  o.a.m.s.f.DefaultMavenResourcesFiltering - skip non existing resourceDirectory D:\James sir selenium tutorial\trialproj\src\main\resources
2024-02-25 20:22:26,296 [Worker-30: Building] INFO  o.a.m.s.f.DefaultMavenResourcesFiltering - skip non existing resourceDirectory D:\James sir selenium tutorial\trialproj\src\test\resources
2024-02-25 20:22:43,274 [Worker-31: Building] INFO  o.a.m.s.f.DefaultMavenResourcesFiltering - skip non existing resourceDirectory D:\James sir selenium tutorial\trialproj\src\main\resources
2024-02-25 20:22:43,277 [Worker-31: Building] INFO  o.a.m.s.f.DefaultMavenResourcesFiltering - skip non existing resourceDirectory D:\James sir selenium tutorial\trialproj\src\test\resources
2024-02-25 20:24:38,249 [Worker-16: Building] INFO  o.a.m.s.f.DefaultMavenResourcesFiltering - skip non existing resourceDirectory D:\James sir selenium tutorial\trialproj\src\main\resources
2024-02-25 20:24:38,254 [Worker-16: Building] INFO  o.a.m.s.f.DefaultMavenResourcesFiltering - skip non existing resourceDirectory D:\James sir selenium tutorial\trialproj\src\test\resources
2024-02-25 20:36:52,944 [Worker-32: Building] INFO  o.a.m.s.f.DefaultMavenResourcesFiltering - skip non existing resourceDirectory D:\James sir selenium tutorial\trialproj\src\main\resources
2024-02-25 20:36:52,947 [Worker-32: Building] INFO  o.a.m.s.f.DefaultMavenResourcesFiltering - skip non existing resourceDirectory D:\James sir selenium tutorial\trialproj\src\test\resources
2024-02-25 20:38:06,626 [Worker-34: Building] INFO  o.a.m.s.f.DefaultMavenResourcesFiltering - skip non existing resourceDirectory D:\James sir selenium tutorial\trialproj\src\main\resources
2024-02-25 20:38:06,629 [Worker-34: Building] INFO  o.a.m.s.f.DefaultMavenResourcesFiltering - skip non existing resourceDirectory D:\James sir selenium tutorial\trialproj\src\test\resources
